#
# There is insufficient memory for the Java Runtime Environment to continue.
# Native memory allocation (malloc) failed to allocate 399936 bytes for Chunk::new
# Possible reasons:
#   The system is out of physical RAM or swap space
#   In 32 bit mode, the process size limit was hit
# Possible solutions:
#   Reduce memory load on the system
#   Increase physical memory or swap space
#   Check if swap backing store is full
#   Use 64 bit Java on a 64 bit OS
#   Decrease Java heap size (-Xmx/-Xms)
#   Decrease number of Java threads
#   Decrease Java thread stack sizes (-Xss)
#   Set larger code cache with -XX:ReservedCodeCacheSize=
# This output file may be truncated or incomplete.
#
#  Out of Memory Error (allocation.cpp:390), pid=37976, tid=0x0000000000006b48
#
# JRE version: Java(TM) SE Runtime Environment (8.0_181-b13) (build 1.8.0_181-b13)
# Java VM: Java HotSpot(TM) 64-Bit Server VM (25.181-b13 mixed mode windows-amd64 compressed oops)
# Failed to write core dump. Minidumps are not enabled by default on client versions of Windows
#

---------------  T H R E A D  ---------------

Current thread (0x000000001933a800):  JavaThread "C2 CompilerThread2" daemon [_thread_in_native, id=27464, stack(0x0000000019d00000,0x0000000019e00000)]

Stack: [0x0000000019d00000,0x0000000019e00000]
[error occurred during error reporting (printing stack bounds), id 0xc0000005]

Native frames: (J=compiled Java code, j=interpreted, Vv=VM code, C=native code)


Current CompileTask:
C2:   1145 1439       4       java.net.URLStreamHandler::parseURL (1193 bytes)


---------------  P R O C E S S  ---------------

Java Threads: ( => current thread )
  0x000000001a80e800 JavaThread "background-preinit" [_thread_in_Java, id=26796, stack(0x000000001bc10000,0x000000001bd10000)]
  0x000000001a86b000 JavaThread "restartedMain" [_thread_in_native, id=38300, stack(0x000000001bb10000,0x000000001bc10000)]
  0x000000001a86a800 JavaThread "Thread-0" [_thread_blocked, id=37088, stack(0x000000001ba10000,0x000000001bb10000)]
  0x00000000193c3000 JavaThread "Service Thread" daemon [_thread_blocked, id=2436, stack(0x0000000019f00000,0x000000001a000000)]
  0x000000001933e000 JavaThread "C1 CompilerThread3" daemon [_thread_in_vm, id=7032, stack(0x0000000019e00000,0x0000000019f00000)]
=>0x000000001933a800 JavaThread "C2 CompilerThread2" daemon [_thread_in_native, id=27464, stack(0x0000000019d00000,0x0000000019e00000)]
  0x0000000019333000 JavaThread "C2 CompilerThread1" daemon [_thread_in_native, id=37728, stack(0x0000000019c00000,0x0000000019d00000)]
  0x0000000019330000 JavaThread "C2 CompilerThread0" daemon [_thread_in_native, id=4596, stack(0x0000000019b00000,0x0000000019c00000)]
  0x000000001932c000 JavaThread "Attach Listener" daemon [_thread_blocked, id=35948, stack(0x0000000019a00000,0x0000000019b00000)]
  0x000000001932b000 JavaThread "Signal Dispatcher" daemon [_thread_blocked, id=34096, stack(0x0000000019900000,0x0000000019a00000)]
  0x000000000251d800 JavaThread "Finalizer" daemon [_thread_blocked, id=17700, stack(0x0000000019700000,0x0000000019800000)]
  0x000000000251b000 JavaThread "Reference Handler" daemon [_thread_blocked, id=31020, stack(0x0000000019200000,0x0000000019300000)]
  0x0000000002424000 JavaThread "main" [_thread_blocked, id=37884, stack(0x0000000002320000,0x0000000002420000)]

Other Threads:
  0x0000000017439800 VMThread [stack: 0x0000000019100000,0x0000000019200000] [id=38876]
  0x00000000193e5800 WatcherThread [stack: 0x000000001a000000,0x000000001a100000] [id=23456]

VM state:not at safepoint (normal execution)

VM Mutex/Monitor currently owned by a thread: None

Heap:
 PSYoungGen      total 70656K, used 10510K [0x00000000d6100000, 0x00000000dab00000, 0x0000000100000000)
  eden space 65536K, 8% used [0x00000000d6100000,0x00000000d6643c90,0x00000000da100000)
  from space 5120K, 99% used [0x00000000da600000,0x00000000daaffe98,0x00000000dab00000)
  to   space 5120K, 0% used [0x00000000da100000,0x00000000da100000,0x00000000da600000)
 ParOldGen       total 86016K, used 4798K [0x0000000082200000, 0x0000000087600000, 0x00000000d6100000)
  object space 86016K, 5% used [0x0000000082200000,0x00000000826af880,0x0000000087600000)
 Metaspace       used 19887K, capacity 20462K, committed 20736K, reserved 1067008K
  class space    used 2601K, capacity 2778K, committed 2816K, reserved 1048576K

Card table byte_map: [0x00000000118e0000,0x0000000011cd0000] byte_map_base: 0x00000000114cf000

Marking Bits: (ParMarkBitMap*) 0x0000000050e72d00
 Begin Bits: [0x0000000012770000, 0x00000000146e8000)
 End Bits:   [0x00000000146e8000, 0x0000000016660000)

Polling page: 0x0000000000450000

CodeCache: size=245760Kb used=4631Kb max_used=4631Kb free=241128Kb
 bounds [0x0000000002520000, 0x00000000029b0000, 0x0000000011520000]
 total_blobs=1819 nmethods=1455 adapters=276
 compilation: enabled

Compilation events (10 events):
Event: 1.132 Thread 0x000000001933e000 1453       3       java.lang.invoke.DirectMethodHandle::make (242 bytes)
Event: 1.134 Thread 0x000000001933e000 nmethod 1453 0x00000000029a2590 code [0x00000000029a28e0, 0x00000000029a4208]
Event: 1.134 Thread 0x000000001933e000 1454       3       java.lang.invoke.MemberName::isField (7 bytes)
Event: 1.134 Thread 0x000000001933e000 nmethod 1454 0x00000000029a4e50 code [0x00000000029a4fc0, 0x00000000029a5230]
Event: 1.134 Thread 0x000000001933e000 1455       3       java.lang.invoke.MethodHandles::access$000 (4 bytes)
Event: 1.134 Thread 0x000000001933e000 nmethod 1455 0x00000000029a5310 code [0x00000000029a5460, 0x00000000029a5590]
Event: 1.136 Thread 0x000000001933e000 1456       3       org.springframework.core.annotation.AnnotationUtils$DefaultValueHolder::<init> (10 bytes)
Event: 1.136 Thread 0x000000001933e000 nmethod 1456 0x00000000029a5610 code [0x00000000029a5760, 0x00000000029a5930]
Event: 1.138 Thread 0x000000001933e000 1457       3       java.lang.reflect.WeakCache::expungeStaleEntries (31 bytes)
Event: 1.138 Thread 0x000000001933e000 nmethod 1457 0x00000000029a59d0 code [0x00000000029a5b80, 0x00000000029a6238]

GC Heap History (8 events):
Event: 0.517 GC heap before
{Heap before GC invocations=1 (full 0):
 PSYoungGen      total 37888K, used 32742K [0x00000000d6100000, 0x00000000d8b00000, 0x0000000100000000)
  eden space 32768K, 99% used [0x00000000d6100000,0x00000000d80f9918,0x00000000d8100000)
  from space 5120K, 0% used [0x00000000d8600000,0x00000000d8600000,0x00000000d8b00000)
  to   space 5120K, 0% used [0x00000000d8100000,0x00000000d8100000,0x00000000d8600000)
 ParOldGen       total 86016K, used 0K [0x0000000082200000, 0x0000000087600000, 0x00000000d6100000)
  object space 86016K, 0% used [0x0000000082200000,0x0000000082200000,0x0000000087600000)
 Metaspace       used 7563K, capacity 7758K, committed 7936K, reserved 1056768K
  class space    used 903K, capacity 973K, committed 1024K, reserved 1048576K
Event: 0.521 GC heap after
Heap after GC invocations=1 (full 0):
 PSYoungGen      total 37888K, used 3918K [0x00000000d6100000, 0x00000000d8b00000, 0x0000000100000000)
  eden space 32768K, 0% used [0x00000000d6100000,0x00000000d6100000,0x00000000d8100000)
  from space 5120K, 76% used [0x00000000d8100000,0x00000000d84d3bd0,0x00000000d8600000)
  to   space 5120K, 0% used [0x00000000d8600000,0x00000000d8600000,0x00000000d8b00000)
 ParOldGen       total 86016K, used 16K [0x0000000082200000, 0x0000000087600000, 0x00000000d6100000)
  object space 86016K, 0% used [0x0000000082200000,0x0000000082204000,0x0000000087600000)
 Metaspace       used 7563K, capacity 7758K, committed 7936K, reserved 1056768K
  class space    used 903K, capacity 973K, committed 1024K, reserved 1048576K
}
Event: 0.665 GC heap before
{Heap before GC invocations=2 (full 0):
 PSYoungGen      total 37888K, used 36686K [0x00000000d6100000, 0x00000000d8b00000, 0x0000000100000000)
  eden space 32768K, 100% used [0x00000000d6100000,0x00000000d8100000,0x00000000d8100000)
  from space 5120K, 76% used [0x00000000d8100000,0x00000000d84d3bd0,0x00000000d8600000)
  to   space 5120K, 0% used [0x00000000d8600000,0x00000000d8600000,0x00000000d8b00000)
 ParOldGen       total 86016K, used 16K [0x0000000082200000, 0x0000000087600000, 0x00000000d6100000)
  object space 86016K, 0% used [0x0000000082200000,0x0000000082204000,0x0000000087600000)
 Metaspace       used 10270K, capacity 10530K, committed 10624K, reserved 1058816K
  class space    used 1259K, capacity 1354K, committed 1408K, reserved 1048576K
Event: 0.669 GC heap after
Heap after GC invocations=2 (full 0):
 PSYoungGen      total 37888K, used 4184K [0x00000000d6100000, 0x00000000dab00000, 0x0000000100000000)
  eden space 32768K, 0% used [0x00000000d6100000,0x00000000d6100000,0x00000000d8100000)
  from space 5120K, 81% used [0x00000000d8600000,0x00000000d8a16218,0x00000000d8b00000)
  to   space 5120K, 0% used [0x00000000d8100000,0x00000000d8100000,0x00000000d8600000)
 ParOldGen       total 86016K, used 24K [0x0000000082200000, 0x0000000087600000, 0x00000000d6100000)
  object space 86016K, 0% used [0x0000000082200000,0x0000000082206000,0x0000000087600000)
 Metaspace       used 10270K, capacity 10530K, committed 10624K, reserved 1058816K
  class space    used 1259K, capacity 1354K, committed 1408K, reserved 1048576K
}
Event: 0.850 GC heap before
{Heap before GC invocations=3 (full 0):
 PSYoungGen      total 37888K, used 36952K [0x00000000d6100000, 0x00000000dab00000, 0x0000000100000000)
  eden space 32768K, 100% used [0x00000000d6100000,0x00000000d8100000,0x00000000d8100000)
  from space 5120K, 81% used [0x00000000d8600000,0x00000000d8a16218,0x00000000d8b00000)
  to   space 5120K, 0% used [0x00000000d8100000,0x00000000d8100000,0x00000000d8600000)
 ParOldGen       total 86016K, used 24K [0x0000000082200000, 0x0000000087600000, 0x00000000d6100000)
  object space 86016K, 0% used [0x0000000082200000,0x0000000082206000,0x0000000087600000)
 Metaspace       used 13957K, capacity 14418K, committed 14592K, reserved 1062912K
  class space    used 1861K, capacity 1986K, committed 2048K, reserved 1048576K
Event: 0.854 GC heap after
Heap after GC invocations=3 (full 0):
 PSYoungGen      total 37888K, used 5101K [0x00000000d6100000, 0x00000000dab00000, 0x0000000100000000)
  eden space 32768K, 0% used [0x00000000d6100000,0x00000000d6100000,0x00000000d8100000)
  from space 5120K, 99% used [0x00000000d8100000,0x00000000d85fb788,0x00000000d8600000)
  to   space 5120K, 0% used [0x00000000da600000,0x00000000da600000,0x00000000dab00000)
 ParOldGen       total 86016K, used 1049K [0x0000000082200000, 0x0000000087600000, 0x00000000d6100000)
  object space 86016K, 1% used [0x0000000082200000,0x0000000082306618,0x0000000087600000)
 Metaspace       used 13957K, capacity 14418K, committed 14592K, reserved 1062912K
  class space    used 1861K, capacity 1986K, committed 2048K, reserved 1048576K
}
Event: 1.079 GC heap before
{Heap before GC invocations=4 (full 0):
 PSYoungGen      total 37888K, used 37869K [0x00000000d6100000, 0x00000000dab00000, 0x0000000100000000)
  eden space 32768K, 100% used [0x00000000d6100000,0x00000000d8100000,0x00000000d8100000)
  from space 5120K, 99% used [0x00000000d8100000,0x00000000d85fb788,0x00000000d8600000)
  to   space 5120K, 0% used [0x00000000da600000,0x00000000da600000,0x00000000dab00000)
 ParOldGen       total 86016K, used 1049K [0x0000000082200000, 0x0000000087600000, 0x00000000d6100000)
  object space 86016K, 1% used [0x0000000082200000,0x0000000082306618,0x0000000087600000)
 Metaspace       used 19403K, capacity 19976K, committed 20224K, reserved 1067008K
  class space    used 2522K, capacity 2697K, committed 2816K, reserved 1048576K
Event: 1.086 GC heap after
Heap after GC invocations=4 (full 0):
 PSYoungGen      total 70656K, used 5119K [0x00000000d6100000, 0x00000000dab00000, 0x0000000100000000)
  eden space 65536K, 0% used [0x00000000d6100000,0x00000000d6100000,0x00000000da100000)
  from space 5120K, 99% used [0x00000000da600000,0x00000000daaffe98,0x00000000dab00000)
  to   space 5120K, 0% used [0x00000000da100000,0x00000000da100000,0x00000000da600000)
 ParOldGen       total 86016K, used 4798K [0x0000000082200000, 0x0000000087600000, 0x00000000d6100000)
  object space 86016K, 5% used [0x0000000082200000,0x00000000826af880,0x0000000087600000)
 Metaspace       used 19403K, capacity 19976K, committed 20224K, reserved 1067008K
  class space    used 2522K, capacity 2697K, committed 2816K, reserved 1048576K
}

Deoptimization events (10 events):
Event: 0.554 Thread 0x000000001a86b000 Uncommon trap: reason=class_check action=maybe_recompile pc=0x00000000026ed53c method=sun.misc.URLClassPath.getLoader(I)Lsun/misc/URLClassPath$Loader; @ 94
Event: 0.580 Thread 0x000000001a86b000 Uncommon trap: reason=unstable_if action=reinterpret pc=0x00000000026ce128 method=java.lang.String.indexOf([CII[CIII)I @ 3
Event: 0.593 Thread 0x000000001a80e800 Uncommon trap: reason=range_check action=make_not_entrant pc=0x00000000027a2c60 method=sun.reflect.generics.parser.SignatureParser.current()C @ 34
Event: 0.828 Thread 0x000000001a80e800 Uncommon trap: reason=unstable_if action=reinterpret pc=0x00000000028ed408 method=java.util.concurrent.ConcurrentHashMap.addCount(JI)V @ 272
Event: 0.879 Thread 0x000000001a86b000 Uncommon trap: reason=unstable_if action=reinterpret pc=0x00000000027fb784 method=java.io.WinNTFileSystem.normalize(Ljava/lang/String;II)Ljava/lang/String; @ 90
Event: 0.880 Thread 0x000000001a86b000 Uncommon trap: reason=unstable_if action=reinterpret pc=0x0000000002797c3c method=java.util.HashMap.hash(Ljava/lang/Object;)I @ 1
Event: 0.886 Thread 0x000000001a80e800 Uncommon trap: reason=bimorphic action=maybe_recompile pc=0x0000000002893228 method=java.util.HashMap.putVal(ILjava/lang/Object;Ljava/lang/Object;ZZ)Ljava/lang/Object; @ 203
Event: 0.890 Thread 0x000000001a80e800 Uncommon trap: reason=bimorphic action=maybe_recompile pc=0x0000000002893228 method=java.util.HashMap.putVal(ILjava/lang/Object;Ljava/lang/Object;ZZ)Ljava/lang/Object; @ 203
Event: 0.892 Thread 0x000000001a80e800 Uncommon trap: reason=bimorphic action=maybe_recompile pc=0x0000000002893228 method=java.util.HashMap.putVal(ILjava/lang/Object;Ljava/lang/Object;ZZ)Ljava/lang/Object; @ 203
Event: 1.052 Thread 0x000000001a86b000 Uncommon trap: reason=bimorphic action=maybe_recompile pc=0x0000000002893228 method=java.util.HashMap.putVal(ILjava/lang/Object;Ljava/lang/Object;ZZ)Ljava/lang/Object; @ 203

Classes redefined (0 events):
No events

Internal exceptions (10 events):
Event: 0.683 Thread 0x000000001a86b000 Exception <a 'java/lang/NoSuchMethodError': java.lang.Object.lambda$static$1(CI)C> (0x00000000d62f2868) thrown at [C:\re\workspace\8-2-build-windows-amd64-cygwin\jdk8u181\11358\hotspot\src\share\vm\interpreter\linkResolver.cpp, line 620]
Event: 0.715 Thread 0x000000001a86b000 Exception <a 'java/lang/NoSuchMethodError': java.lang.Object.lambda$chars$0()Ljava/util/Spliterator$OfInt;> (0x00000000d67c2a80) thrown at [C:\re\workspace\8-2-build-windows-amd64-cygwin\jdk8u181\11358\hotspot\src\share\vm\interpreter\linkResolver.cpp, li
Event: 0.880 Thread 0x000000001a86b000 Implicit null exception at 0x0000000002797a55 to 0x0000000002797c2d
Event: 0.991 Thread 0x000000001a86b000 Exception <a 'java/lang/ClassNotFoundException': java/lang/ObjectCustomizer> (0x00000000d752f7f8) thrown at [C:\re\workspace\8-2-build-windows-amd64-cygwin\jdk8u181\11358\hotspot\src\share\vm\classfile\systemDictionary.cpp, line 210]
Event: 0.993 Thread 0x000000001a86b000 Exception <a 'java/lang/ClassNotFoundException': org/springframework/context/annotation/ConfigurationClassPostProcessorCustomizer> (0x00000000d75d5970) thrown at [C:\re\workspace\8-2-build-windows-amd64-cygwin\jdk8u181\11358\hotspot\src\share\vm\classfile
Event: 0.997 Thread 0x000000001a86b000 Exception <a 'java/lang/ClassNotFoundException': org/springframework/beans/factory/support/BeanDefinitionRegistryPostProcessorCustomizer> (0x00000000d76691b0) thrown at [C:\re\workspace\8-2-build-windows-amd64-cygwin\jdk8u181\11358\hotspot\src\share\vm\cl
Event: 0.998 Thread 0x000000001a86b000 Exception <a 'java/lang/ClassNotFoundException': org/springframework/core/PriorityOrderedCustomizer> (0x00000000d767b610) thrown at [C:\re\workspace\8-2-build-windows-amd64-cygwin\jdk8u181\11358\hotspot\src\share\vm\classfile\systemDictionary.cpp, line 21
Event: 0.998 Thread 0x000000001a86b000 Exception <a 'java/lang/ClassNotFoundException': org/springframework/context/ResourceLoaderAwareCustomizer> (0x00000000d768e4d8) thrown at [C:\re\workspace\8-2-build-windows-amd64-cygwin\jdk8u181\11358\hotspot\src\share\vm\classfile\systemDictionary.cpp, 
Event: 0.998 Thread 0x000000001a86b000 Exception <a 'java/lang/ClassNotFoundException': org/springframework/beans/factory/BeanClassLoaderAwareCustomizer> (0x00000000d76a8280) thrown at [C:\re\workspace\8-2-build-windows-amd64-cygwin\jdk8u181\11358\hotspot\src\share\vm\classfile\systemDictionar
Event: 0.999 Thread 0x000000001a86b000 Exception <a 'java/lang/ClassNotFoundException': org/springframework/context/EnvironmentAwareCustomizer> (0x00000000d76bb9b0) thrown at [C:\re\workspace\8-2-build-windows-amd64-cygwin\jdk8u181\11358\hotspot\src\share\vm\classfile\systemDictionary.cpp, lin

Events (10 events):
Event: 1.132 loading class com/fasterxml/jackson/datatype/jsr310/deser/InstantDeserializer$FromDecimalArguments
Event: 1.132 loading class com/fasterxml/jackson/datatype/jsr310/deser/InstantDeserializer$FromDecimalArguments done
Event: 1.132 loading class com/fasterxml/jackson/datatype/jsr310/deser/InstantDeserializer$FromDecimalArguments
Event: 1.132 loading class com/fasterxml/jackson/datatype/jsr310/deser/InstantDeserializer$FromDecimalArguments done
Event: 1.134 loading class com/fasterxml/jackson/databind/module/SimpleDeserializers
Event: 1.134 loading class com/fasterxml/jackson/databind/module/SimpleDeserializers done
Event: 1.136 loading class com/fasterxml/jackson/databind/type/ClassKey
Event: 1.136 loading class com/fasterxml/jackson/databind/type/ClassKey done
Event: 1.137 loading class java/time/ZoneOffset
Event: 1.139 loading class java/time/ZoneOffset done


Dynamic libraries:
0x00007ff766fd0000 - 0x00007ff767007000 	C:\Program Files\Java\jre1.8.0_181\bin\javaw.exe
0x00007fff9a1b0000 - 0x00007fff9a391000 	C:\Windows\SYSTEM32\ntdll.dll
0x00007fff97820000 - 0x00007fff978d2000 	C:\Windows\System32\KERNEL32.DLL
0x00007fff97040000 - 0x00007fff972b3000 	C:\Windows\System32\KERNELBASE.dll
0x00007fff99bb0000 - 0x00007fff99c51000 	C:\Windows\System32\ADVAPI32.dll
0x00007fff99c60000 - 0x00007fff99cfe000 	C:\Windows\System32\msvcrt.dll
0x00007fff978e0000 - 0x00007fff9793b000 	C:\Windows\System32\sechost.dll
0x00007fff97e40000 - 0x00007fff97f64000 	C:\Windows\System32\RPCRT4.dll
0x00007fff97610000 - 0x00007fff977a0000 	C:\Windows\System32\USER32.dll
0x00007fff974e0000 - 0x00007fff97500000 	C:\Windows\System32\win32u.dll
0x00007fff98190000 - 0x00007fff981b8000 	C:\Windows\System32\GDI32.dll
0x00007fff96cb0000 - 0x00007fff96e42000 	C:\Windows\System32\gdi32full.dll
0x00007fff972c0000 - 0x00007fff9735f000 	C:\Windows\System32\msvcp_win.dll
0x00007fff97360000 - 0x00007fff9745a000 	C:\Windows\System32\ucrtbase.dll
0x00007fff7edc0000 - 0x00007fff7f029000 	C:\Windows\WinSxS\amd64_microsoft.windows.common-controls_6595b64144ccf1df_6.0.17134.285_none_fb4297e330656775\COMCTL32.dll
0x00007fff982d0000 - 0x00007fff985f3000 	C:\Windows\System32\combase.dll
0x00007fff97460000 - 0x00007fff974da000 	C:\Windows\System32\bcryptPrimitives.dll
0x00007fff97e10000 - 0x00007fff97e3d000 	C:\Windows\System32\IMM32.DLL
0x0000000050390000 - 0x0000000050462000 	C:\Program Files\Java\jre1.8.0_181\bin\msvcr100.dll
0x0000000050650000 - 0x0000000050ef2000 	C:\Program Files\Java\jre1.8.0_181\bin\server\jvm.dll
0x00007fff98180000 - 0x00007fff98188000 	C:\Windows\System32\PSAPI.DLL
0x00007fff94aa0000 - 0x00007fff94aa9000 	C:\Windows\SYSTEM32\WSOCK32.dll
0x00007fff93f50000 - 0x00007fff93f5a000 	C:\Windows\SYSTEM32\VERSION.dll
0x00007fff92270000 - 0x00007fff92293000 	C:\Windows\SYSTEM32\WINMM.dll
0x00007fff97f70000 - 0x00007fff97fdc000 	C:\Windows\System32\WS2_32.dll
0x00007fff921a0000 - 0x00007fff921ca000 	C:\Windows\SYSTEM32\WINMMBASE.dll
0x00007fff96550000 - 0x00007fff96599000 	C:\Windows\System32\cfgmgr32.dll
0x0000000050640000 - 0x000000005064f000 	C:\Program Files\Java\jre1.8.0_181\bin\verify.dll
0x0000000050610000 - 0x0000000050639000 	C:\Program Files\Java\jre1.8.0_181\bin\java.dll
0x00000000505f0000 - 0x0000000050606000 	C:\Program Files\Java\jre1.8.0_181\bin\zip.dll
0x00007fff98710000 - 0x00007fff99b50000 	C:\Windows\System32\SHELL32.dll
0x00007fff98220000 - 0x00007fff982c9000 	C:\Windows\System32\shcore.dll
0x00007fff965a0000 - 0x00007fff96cad000 	C:\Windows\System32\windows.storage.dll
0x00007fff97d90000 - 0x00007fff97de1000 	C:\Windows\System32\shlwapi.dll
0x00007fff964f0000 - 0x00007fff96501000 	C:\Windows\System32\kernel.appcore.dll
0x00007fff96530000 - 0x00007fff9654f000 	C:\Windows\System32\profapi.dll
0x00007fff96490000 - 0x00007fff964dc000 	C:\Windows\System32\powrprof.dll
0x00007fff964e0000 - 0x00007fff964ea000 	C:\Windows\System32\FLTLIB.DLL
0x0000000050470000 - 0x000000005047d000 	C:\Program Files\Java\jre1.8.0_181\bin\management.dll
0x00000000505d0000 - 0x00000000505ea000 	C:\Program Files\Java\jre1.8.0_181\bin\net.dll
0x00007fff959b0000 - 0x00007fff95a16000 	C:\Windows\system32\mswsock.dll
0x00007fff764f0000 - 0x00007fff76506000 	C:\Windows\system32\napinsp.dll
0x00007fff736c0000 - 0x00007fff736da000 	C:\Windows\system32\pnrpnsp.dll
0x00007fff92610000 - 0x00007fff92629000 	C:\Windows\system32\NLAapi.dll
0x00007fff95770000 - 0x00007fff9582e000 	C:\Windows\SYSTEM32\DNSAPI.dll
0x00007fff98610000 - 0x00007fff98618000 	C:\Windows\System32\NSI.dll
0x00007fff95730000 - 0x00007fff95768000 	C:\Windows\SYSTEM32\IPHLPAPI.DLL
0x00007fff736b0000 - 0x00007fff736be000 	C:\Windows\System32\winrnr.dll
0x00007fff90950000 - 0x00007fff90965000 	C:\Windows\System32\wshbth.dll
0x00007fff8e620000 - 0x00007fff8e62a000 	C:\Windows\System32\rasadhlp.dll
0x00007fff904a0000 - 0x00007fff90512000 	C:\Windows\System32\fwpuclnt.dll
0x00007fff96180000 - 0x00007fff961a5000 	C:\Windows\SYSTEM32\bcrypt.dll
0x00000000504b0000 - 0x00000000504c1000 	C:\Program Files\Java\jre1.8.0_181\bin\nio.dll

VM Arguments:
jvm_args: -Dfile.encoding=UTF-8 
java_command: GreetingController.App
java_class_path (initial): C:\Users\ivanf\eclipse-workspace\eventSite\target\classes;C:\Users\ivanf\Downloads\junit-4.10.jar;C:\Users\ivanf\.m2\repository\org\springframework\boot\spring-boot-starter-web\2.0.5.RELEASE\spring-boot-starter-web-2.0.5.RELEASE.jar;C:\Users\ivanf\.m2\repository\org\springframework\boot\spring-boot-starter\2.0.5.RELEASE\spring-boot-starter-2.0.5.RELEASE.jar;C:\Users\ivanf\.m2\repository\org\springframework\boot\spring-boot-starter-logging\2.0.5.RELEASE\spring-boot-starter-logging-2.0.5.RELEASE.jar;C:\Users\ivanf\.m2\repository\ch\qos\logback\logback-classic\1.2.3\logback-classic-1.2.3.jar;C:\Users\ivanf\.m2\repository\ch\qos\logback\logback-core\1.2.3\logback-core-1.2.3.jar;C:\Users\ivanf\.m2\repository\org\apache\logging\log4j\log4j-to-slf4j\2.10.0\log4j-to-slf4j-2.10.0.jar;C:\Users\ivanf\.m2\repository\org\apache\logging\log4j\log4j-api\2.10.0\log4j-api-2.10.0.jar;C:\Users\ivanf\.m2\repository\org\slf4j\jul-to-slf4j\1.7.25\jul-to-slf4j-1.7.25.jar;C:\Users\ivanf\.m2\repository\javax\annotation\javax.annotation-api\1.3.2\javax.annotation-api-1.3.2.jar;C:\Users\ivanf\.m2\repository\org\springframework\spring-core\5.0.9.RELEASE\spring-core-5.0.9.RELEASE.jar;C:\Users\ivanf\.m2\repository\org\springframework\spring-jcl\5.0.9.RELEASE\spring-jcl-5.0.9.RELEASE.jar;C:\Users\ivanf\.m2\repository\org\yaml\snakeyaml\1.19\snakeyaml-1.19.jar;C:\Users\ivanf\.m2\repository\org\springframework\boot\spring-boot-starter-json\2.0.5.RELEASE\spring-boot-starter-json-2.0.5.RELEASE.jar;C:\Users\ivanf\.m2\repository\com\fasterxml\jackson\core\jackson-databind\2.9.6\jackson-databind-2.9.6.jar;C:\Users\ivanf\.m2\repository\com\fasterxml\jackson\core\jackson-annotations\2.9.0\jackson-annotations-2.9.0.jar;C:\Users\ivanf\.m2\repository\com\fasterxml\jackson\core\jackson-core\2.9.6\jackson-core-2.9.6.jar;C:\Users\ivanf\.m2\repository\com\fasterxml\jackson\datatype\jackson-datatype-jdk8\2.9.6\jackson-datatype-jdk8-2.9.6.jar;C:\Users\ivanf\.m2\repository\com\fasterxml
Launcher Type: SUN_STANDARD

Environment Variables:
PATH=C:/Program Files/Java/jre1.8.0_181/bin/server;C:/Program Files/Java/jre1.8.0_181/bin;C:/Program Files/Java/jre1.8.0_181/lib/amd64;C:\Program Files (x86)\Common Files\Oracle\Java\javapath;C:\Windows\system32;C:\Windows;C:\Windows\System32\Wbem;C:\Windows\System32\WindowsPowerShell\v1.0\;C:\Windows\System32\OpenSSH\;C:\Program Files (x86)\NVIDIA Corporation\PhysX\Common;c:\altera\91\quartus\bin;C:\Program Files\Git\cmd;C:\Users\ivanf\AppData\Local\Microsoft\WindowsApps;C:\Users\ivanf\AppData\Local\atom\bin;C:\Windows\system32;
USERNAME=ivanf
OS=Windows_NT
PROCESSOR_IDENTIFIER=Intel64 Family 6 Model 94 Stepping 3, GenuineIntel



---------------  S Y S T E M  ---------------

OS: Windows 10.0 , 64 bit Build 17134 (10.0.17134.1)

CPU:total 8 (initial active 8) (4 cores per cpu, 2 threads per core) family 6 model 94 stepping 3, cmov, cx8, fxsr, mmx, sse, sse2, sse3, ssse3, sse4.1, sse4.2, popcnt, avx, avx2, aes, clmul, erms, rtm, 3dnowpref, lzcnt, ht, tsc, tscinvbit, bmi1, bmi2, adx

Memory: 4k page, physical 8245032k(447056k free), swap 22818724k(376k free)

vm_info: Java HotSpot(TM) 64-Bit Server VM (25.181-b13) for windows-amd64 JRE (1.8.0_181-b13), built on Jul  7 2018 04:01:33 by "java_re" with MS VC++ 10.0 (VS2010)

time: Mon Oct 08 00:36:53 2018
elapsed time: 1 seconds (0d 0h 0m 1s)

